<?xml version="1.0" encoding="UTF-8" ?>
<testsuite tests="7" failures="0" name="application.model.UserDefinedCharacterTest" time="0.001" errors="0" skipped="0">
  <properties>
[...]
</properties>
  <testcase classname="application.model.UserDefinedCharacterTest" name="application.model.UserDefinedCharacterTest.testCreateCharacterWithFeMaleRedShortHairFeaturesWithOnlyValidInput" time="0"/>
  <testcase classname="application.model.UserDefinedCharacterTest" name="application.model.UserDefinedCharacterTest.testCreateCharacterWithMaleBlueBlondeHairFeaturesWithFristInvalidThenValidInput" time="0.001"/>
  <testcase classname="application.model.UserDefinedCharacterTest" name="application.model.UserDefinedCharacterTest.testCreateCharacterWithFeMaleRedShortHairFeaturesWithFristInvalidThenValidInput" time="0"/>
  <testcase classname="application.model.UserDefinedCharacterTest" name="application.model.UserDefinedCharacterTest.testExittoMainMenuFromCreateCharacterGenderFeatures" time="0"/>
  <testcase classname="application.model.UserDefinedCharacterTest" name="application.model.UserDefinedCharacterTest.testExittoMainMenuFromCreateCharacterHairFeatures" time="0"/>
  <testcase classname="application.model.UserDefinedCharacterTest" name="application.model.UserDefinedCharacterTest.testExittoMainMenuFromCreateCharacterColourFeatures" time="0"/>
  <testcase classname="application.model.UserDefinedCharacterTest" name="application.model.UserDefinedCharacterTest.testCreateCharacterWithMaleBlueBlondeHairFeatures" time="0"/>
</testsuite>